#
# There is insufficient memory for the Java Runtime Environment to continue.
# Native memory allocation (malloc) failed to allocate 475984 bytes for Chunk::new
# Possible reasons:
#   The system is out of physical RAM or swap space
#   In 32 bit mode, the process size limit was hit
# Possible solutions:
#   Reduce memory load on the system
#   Increase physical memory or swap space
#   Check if swap backing store is full
#   Use 64 bit Java on a 64 bit OS
#   Decrease Java heap size (-Xmx/-Xms)
#   Decrease number of Java threads
#   Decrease Java thread stack sizes (-Xss)
#   Set larger code cache with -XX:ReservedCodeCacheSize=
# This output file may be truncated or incomplete.
#
#  Out of Memory Error (allocation.cpp:328), pid=22844, tid=46416
#
# JRE version: 7.0_17-b02
# Java VM: Java HotSpot(TM) 64-Bit Server VM (23.7-b01 mixed mode windows-amd64 compressed oops)
# Failed to write core dump. Minidumps are not enabled by default on client versions of Windows
#

---------------  T H R E A D  ---------------

Current thread (0x000000000d23a000):  JavaThread "C2 CompilerThread0" daemon [_thread_in_native, id=46416, stack(0x000000000e9f0000,0x000000000eaf0000)]

Stack: [0x000000000e9f0000,0x000000000eaf0000]

Current CompileTask:
C2:   9294  821             org.apache.ivy.core.resolve.IvyNodeCallers::doesExclude (110 bytes)


---------------  P R O C E S S  ---------------

Java Threads: ( => current thread )
  0x00000000107ec000 JavaThread "pool-2-thread-5" [_thread_blocked, id=45976, stack(0x0000000011ab0000,0x0000000011bb0000)]
  0x00000000107da800 JavaThread "pool-2-thread-4" [_thread_blocked, id=5896, stack(0x0000000011980000,0x0000000011a80000)]
  0x0000000010844800 JavaThread "pool-2-thread-3" [_thread_blocked, id=46612, stack(0x00000000117c0000,0x00000000118c0000)]
  0x0000000010842800 JavaThread "pool-2-thread-2" [_thread_blocked, id=46964, stack(0x000000000fdf0000,0x000000000fef0000)]
  0x0000000010788000 JavaThread "pool-2-thread-1" [_thread_in_native, id=24928, stack(0x000000000fcb0000,0x000000000fdb0000)]
  0x000000000d248000 JavaThread "Service Thread" daemon [_thread_blocked, id=45816, stack(0x000000000edd0000,0x000000000eed0000)]
  0x000000000d23f800 JavaThread "C2 CompilerThread1" daemon [_thread_blocked, id=43392, stack(0x000000000ecb0000,0x000000000edb0000)]
=>0x000000000d23a000 JavaThread "C2 CompilerThread0" daemon [_thread_in_native, id=46416, stack(0x000000000e9f0000,0x000000000eaf0000)]
  0x000000000d239000 JavaThread "Attach Listener" daemon [_thread_blocked, id=45132, stack(0x000000000e880000,0x000000000e980000)]
  0x000000000d231800 JavaThread "Signal Dispatcher" daemon [_thread_blocked, id=45832, stack(0x000000000e6b0000,0x000000000e7b0000)]
  0x0000000002616000 JavaThread "Finalizer" daemon [_thread_blocked, id=41956, stack(0x000000000e210000,0x000000000e310000)]
  0x000000000260f800 JavaThread "Reference Handler" daemon [_thread_blocked, id=42864, stack(0x000000000e550000,0x000000000e650000)]
  0x000000000271e000 JavaThread "main" [_thread_blocked, id=41584, stack(0x00000000027e0000,0x00000000028e0000)]

Other Threads:
  0x000000000d1b2800 VMThread [stack: 0x000000000e350000,0x000000000e450000] [id=44840]
  0x000000000d25b000 WatcherThread [stack: 0x000000000efa0000,0x000000000f0a0000] [id=34404]

VM state:not at safepoint (normal execution)

VM Mutex/Monitor currently owned by a thread: None

Heap
 PSYoungGen      total 34880K, used 14463K [0x00000000f5560000, 0x00000000f8520000, 0x0000000100000000)
  eden space 29504K, 40% used [0x00000000f5560000,0x00000000f60fbc60,0x00000000f7230000)
  from space 5376K, 47% used [0x00000000f7a80000,0x00000000f7d04010,0x00000000f7fc0000)
  to   space 8512K, 0% used [0x00000000f7230000,0x00000000f7230000,0x00000000f7a80000)
 ParOldGen       total 86848K, used 13027K [0x00000000e0000000, 0x00000000e54d0000, 0x00000000f5560000)
  object space 86848K, 14% used [0x00000000e0000000,0x00000000e0cb8c60,0x00000000e54d0000)
 PSPermGen       total 30080K, used 30030K [0x00000000d0000000, 0x00000000d1d60000, 0x00000000e0000000)
  object space 30080K, 99% used [0x00000000d0000000,0x00000000d1d538a0,0x00000000d1d60000)

Card table byte_map: [0x000000000a8e0000,0x000000000aa70000] byte_map_base: 0x000000000a260000

Polling page: 0x0000000000100000

Code Cache  [0x00000000028e0000, 0x0000000002b50000, 0x000000000a8e0000)
 total_blobs=1153 nmethods=816 adapters=288 free_code_cache=128973Kb largest_free_block=132011584

Compilation events (10 events):
Event: 7.648 Thread 0x000000000d23f800  841             org.apache.ivy.util.extendable.UnmodifiableExtendableItem::getQualifiedExtraAttributes (5 bytes)
Event: 7.648 Thread 0x000000000d23f800 nmethod 841 0x0000000002adf910 code [0x0000000002adfa40, 0x0000000002adfa98]
Event: 7.648 Thread 0x000000000d23f800  842             org.apache.ivy.core.module.id.ArtifactRevisionId::getType (8 bytes)
Event: 7.648 Thread 0x000000000d23f800 nmethod 842 0x0000000002adf6d0 code [0x0000000002adf800, 0x0000000002adf878]
Event: 7.648 Thread 0x000000000d23f800  843             org.apache.ivy.util.extendable.UnmodifiableExtendableItem::<init> (148 bytes)
Event: 7.662 Thread 0x000000000d23f800 nmethod 843 0x0000000002acc390 code [0x0000000002acc640, 0x0000000002acd450]
Event: 7.662 Thread 0x000000000d23f800  844             org.apache.ivy.core.module.id.ArtifactRevisionId::getExt (8 bytes)
Event: 7.662 Thread 0x000000000d23f800 nmethod 844 0x0000000002acc150 code [0x0000000002acc280, 0x0000000002acc2f8]
Event: 7.662 Thread 0x000000000d23f800  845             org.apache.ivy.core.module.id.ArtifactRevisionId::getName (8 bytes)
Event: 7.663 Thread 0x000000000d23f800 nmethod 845 0x0000000002acbf10 code [0x0000000002acc040, 0x0000000002acc0b8]

GC Heap History (10 events):
Event: 5.127 GC heap before
{Heap before GC invocations=4 (full 0):
 PSYoungGen      total 38016K, used 37202K [0x00000000f5560000, 0x00000000f7fc0000, 0x0000000100000000)
  eden space 32640K, 100% used [0x00000000f5560000,0x00000000f7540000,0x00000000f7540000)
  from space 5376K, 84% used [0x00000000f7540000,0x00000000f79b4a20,0x00000000f7a80000)
  to   space 5376K, 0% used [0x00000000f7a80000,0x00000000f7a80000,0x00000000f7fc0000)
 ParOldGen       total 86848K, used 4684K [0x00000000e0000000, 0x00000000e54d0000, 0x00000000f5560000)
  object space 86848K, 5% used [0x00000000e0000000,0x00000000e0493088,0x00000000e54d0000)
 PSPermGen       total 27776K, used 27642K [0x00000000d0000000, 0x00000000d1b20000, 0x00000000e0000000)
  object space 27776K, 99% used [0x00000000d0000000,0x00000000d1afe850,0x00000000d1b20000)
Event: 5.134 GC heap after
Heap after GC invocations=4 (full 0):
 PSYoungGen      total 38016K, used 5353K [0x00000000f5560000, 0x00000000f7fc0000, 0x0000000100000000)
  eden space 32640K, 0% used [0x00000000f5560000,0x00000000f5560000,0x00000000f7540000)
  from space 5376K, 99% used [0x00000000f7a80000,0x00000000f7fba7d8,0x00000000f7fc0000)
  to   space 5376K, 0% used [0x00000000f7540000,0x00000000f7540000,0x00000000f7a80000)
 ParOldGen       total 86848K, used 6875K [0x00000000e0000000, 0x00000000e54d0000, 0x00000000f5560000)
  object space 86848K, 7% used [0x00000000e0000000,0x00000000e06b6df0,0x00000000e54d0000)
 PSPermGen       total 27776K, used 27642K [0x00000000d0000000, 0x00000000d1b20000, 0x00000000e0000000)
  object space 27776K, 99% used [0x00000000d0000000,0x00000000d1afe850,0x00000000d1b20000)
}
Event: 6.336 GC heap before
{Heap before GC invocations=5 (full 0):
 PSYoungGen      total 38016K, used 37993K [0x00000000f5560000, 0x00000000f7fc0000, 0x0000000100000000)
  eden space 32640K, 100% used [0x00000000f5560000,0x00000000f7540000,0x00000000f7540000)
  from space 5376K, 99% used [0x00000000f7a80000,0x00000000f7fba7d8,0x00000000f7fc0000)
  to   space 5376K, 0% used [0x00000000f7540000,0x00000000f7540000,0x00000000f7a80000)
 ParOldGen       total 86848K, used 6875K [0x00000000e0000000, 0x00000000e54d0000, 0x00000000f5560000)
  object space 86848K, 7% used [0x00000000e0000000,0x00000000e06b6df0,0x00000000e54d0000)
 PSPermGen       total 29888K, used 29760K [0x00000000d0000000, 0x00000000d1d30000, 0x00000000e0000000)
  object space 29888K, 99% used [0x00000000d0000000,0x00000000d1d102b8,0x00000000d1d30000)
Event: 6.364 GC heap after
Heap after GC invocations=5 (full 0):
 PSYoungGen      total 38016K, used 5360K [0x00000000f5560000, 0x00000000f7fc0000, 0x0000000100000000)
  eden space 32640K, 0% used [0x00000000f5560000,0x00000000f5560000,0x00000000f7540000)
  from space 5376K, 99% used [0x00000000f7540000,0x00000000f7a7c020,0x00000000f7a80000)
  to   space 5376K, 0% used [0x00000000f7a80000,0x00000000f7a80000,0x00000000f7fc0000)
 ParOldGen       total 86848K, used 7777K [0x00000000e0000000, 0x00000000e54d0000, 0x00000000f5560000)
  object space 86848K, 8% used [0x00000000e0000000,0x00000000e07987a0,0x00000000e54d0000)
 PSPermGen       total 29888K, used 29760K [0x00000000d0000000, 0x00000000d1d30000, 0x00000000e0000000)
  object space 29888K, 99% used [0x00000000d0000000,0x00000000d1d102b8,0x00000000d1d30000)
}
Event: 7.087 GC heap before
{Heap before GC invocations=6 (full 0):
 PSYoungGen      total 38016K, used 38000K [0x00000000f5560000, 0x00000000f7fc0000, 0x0000000100000000)
  eden space 32640K, 100% used [0x00000000f5560000,0x00000000f7540000,0x00000000f7540000)
  from space 5376K, 99% used [0x00000000f7540000,0x00000000f7a7c020,0x00000000f7a80000)
  to   space 5376K, 0% used [0x00000000f7a80000,0x00000000f7a80000,0x00000000f7fc0000)
 ParOldGen       total 86848K, used 7777K [0x00000000e0000000, 0x00000000e54d0000, 0x00000000f5560000)
  object space 86848K, 8% used [0x00000000e0000000,0x00000000e07987a0,0x00000000e54d0000)
 PSPermGen       total 29888K, used 29859K [0x00000000d0000000, 0x00000000d1d30000, 0x00000000e0000000)
  object space 29888K, 99% used [0x00000000d0000000,0x00000000d1d28fd8,0x00000000d1d30000)
Event: 7.093 GC heap after
Heap after GC invocations=6 (full 0):
 PSYoungGen      total 34880K, used 5344K [0x00000000f5560000, 0x00000000f8520000, 0x0000000100000000)
  eden space 29504K, 0% used [0x00000000f5560000,0x00000000f5560000,0x00000000f7230000)
  from space 5376K, 99% used [0x00000000f7a80000,0x00000000f7fb8050,0x00000000f7fc0000)
  to   space 8512K, 0% used [0x00000000f7230000,0x00000000f7230000,0x00000000f7a80000)
 ParOldGen       total 86848K, used 9338K [0x00000000e0000000, 0x00000000e54d0000, 0x00000000f5560000)
  object space 86848K, 10% used [0x00000000e0000000,0x00000000e091e8d0,0x00000000e54d0000)
 PSPermGen       total 29888K, used 29859K [0x00000000d0000000, 0x00000000d1d30000, 0x00000000e0000000)
  object space 29888K, 99% used [0x00000000d0000000,0x00000000d1d28fd8,0x00000000d1d30000)
}
Event: 7.346 GC heap before
{Heap before GC invocations=7 (full 0):
 PSYoungGen      total 34880K, used 34848K [0x00000000f5560000, 0x00000000f8520000, 0x0000000100000000)
  eden space 29504K, 100% used [0x00000000f5560000,0x00000000f7230000,0x00000000f7230000)
  from space 5376K, 99% used [0x00000000f7a80000,0x00000000f7fb8050,0x00000000f7fc0000)
  to   space 8512K, 0% used [0x00000000f7230000,0x00000000f7230000,0x00000000f7a80000)
 ParOldGen       total 86848K, used 9338K [0x00000000e0000000, 0x00000000e54d0000, 0x00000000f5560000)
  object space 86848K, 10% used [0x00000000e0000000,0x00000000e091e8d0,0x00000000e54d0000)
 PSPermGen       total 30080K, used 29894K [0x00000000d0000000, 0x00000000d1d60000, 0x00000000e0000000)
  object space 30080K, 99% used [0x00000000d0000000,0x00000000d1d31988,0x00000000d1d60000)
Event: 7.356 GC heap after
Heap after GC invocations=7 (full 0):
 PSYoungGen      total 38016K, used 3072K [0x00000000f5560000, 0x00000000f8520000, 0x0000000100000000)
  eden space 29504K, 0% used [0x00000000f5560000,0x00000000f5560000,0x00000000f7230000)
  from space 8512K, 36% used [0x00000000f7230000,0x00000000f7530010,0x00000000f7a80000)
  to   space 5376K, 0% used [0x00000000f7a80000,0x00000000f7a80000,0x00000000f7fc0000)
 ParOldGen       total 86848K, used 12225K [0x00000000e0000000, 0x00000000e54d0000, 0x00000000f5560000)
  object space 86848K, 14% used [0x00000000e0000000,0x00000000e0bf0440,0x00000000e54d0000)
 PSPermGen       total 30080K, used 29894K [0x00000000d0000000, 0x00000000d1d60000, 0x00000000e0000000)
  object space 30080K, 99% used [0x00000000d0000000,0x00000000d1d31988,0x00000000d1d60000)
}
Event: 7.491 GC heap before
{Heap before GC invocations=8 (full 0):
 PSYoungGen      total 38016K, used 32576K [0x00000000f5560000, 0x00000000f8520000, 0x0000000100000000)
  eden space 29504K, 100% used [0x00000000f5560000,0x00000000f7230000,0x00000000f7230000)
  from space 8512K, 36% used [0x00000000f7230000,0x00000000f7530010,0x00000000f7a80000)
  to   space 5376K, 0% used [0x00000000f7a80000,0x00000000f7a80000,0x00000000f7fc0000)
 ParOldGen       total 86848K, used 12225K [0x00000000e0000000, 0x00000000e54d0000, 0x00000000f5560000)
  object space 86848K, 14% used [0x00000000e0000000,0x00000000e0bf0440,0x00000000e54d0000)
 PSPermGen       total 30080K, used 29900K [0x00000000d0000000, 0x00000000d1d60000, 0x00000000e0000000)
  object space 30080K, 99% used [0x00000000d0000000,0x00000000d1d332b8,0x00000000d1d60000)
Event: 7.494 GC heap after
Heap after GC invocations=8 (full 0):
 PSYoungGen      total 34880K, used 2576K [0x00000000f5560000, 0x00000000f8520000, 0x0000000100000000)
  eden space 29504K, 0% used [0x00000000f5560000,0x00000000f5560000,0x00000000f7230000)
  from space 5376K, 47% used [0x00000000f7a80000,0x00000000f7d04010,0x00000000f7fc0000)
  to   space 8512K, 0% used [0x00000000f7230000,0x00000000f7230000,0x00000000f7a80000)
 ParOldGen       total 86848K, used 13027K [0x00000000e0000000, 0x00000000e54d0000, 0x00000000f5560000)
  object space 86848K, 14% used [0x00000000e0000000,0x00000000e0cb8c60,0x00000000e54d0000)
 PSPermGen       total 30080K, used 29900K [0x00000000d0000000, 0x00000000d1d60000, 0x00000000e0000000)
  object space 30080K, 99% used [0x00000000d0000000,0x00000000d1d332b8,0x00000000d1d60000)
}

Deoptimization events (10 events):
Event: 7.521 Thread 0x0000000010788000 Uncommon trap -122 fr.pc 0x0000000002ad3208
Event: 7.522 Thread 0x0000000010788000 Uncommon trap -58 fr.pc 0x00000000029bfa00
Event: 7.522 Thread 0x0000000010788000 Uncommon trap -58 fr.pc 0x00000000029bfa00
Event: 7.522 Thread 0x0000000010788000 Uncommon trap -58 fr.pc 0x00000000029bfa00
Event: 7.544 Thread 0x0000000010788000 Uncommon trap -122 fr.pc 0x0000000002a016b0
Event: 7.544 Thread 0x0000000010788000 Uncommon trap -122 fr.pc 0x00000000029fdfdc
Event: 7.545 Thread 0x0000000010788000 Uncommon trap -34 fr.pc 0x000000000299b2e0
Event: 7.545 Thread 0x0000000010788000 Uncommon trap -34 fr.pc 0x000000000299b2e0
Event: 7.545 Thread 0x0000000010788000 Uncommon trap -34 fr.pc 0x0000000002aa0eb4
Event: 7.545 Thread 0x0000000010788000 Uncommon trap -34 fr.pc 0x0000000002aa0eb4

Internal exceptions (10 events):
Event: 7.517 Thread 0x0000000010788000 Threw 0x00000000f5ac1b90 at C:\jdk7u2_64p\jdk7u17\hotspot\src\share\vm\prims\jvm.cpp:1166
Event: 7.517 Thread 0x0000000010788000 Threw 0x00000000f5ac28f8 at C:\jdk7u2_64p\jdk7u17\hotspot\src\share\vm\prims\jvm.cpp:1166
Event: 7.517 Thread 0x0000000010788000 Threw 0x00000000f5ac9208 at C:\jdk7u2_64p\jdk7u17\hotspot\src\share\vm\prims\jvm.cpp:1166
Event: 7.517 Thread 0x0000000010788000 Threw 0x00000000f5ac9f98 at C:\jdk7u2_64p\jdk7u17\hotspot\src\share\vm\prims\jvm.cpp:1166
Event: 7.518 Thread 0x0000000010788000 Threw 0x00000000f5ad0c30 at C:\jdk7u2_64p\jdk7u17\hotspot\src\share\vm\prims\jvm.cpp:1166
Event: 7.518 Thread 0x0000000010788000 Threw 0x00000000f5ad1890 at C:\jdk7u2_64p\jdk7u17\hotspot\src\share\vm\prims\jvm.cpp:1166
Event: 7.529 Thread 0x0000000010788000 Threw 0x00000000f5dd0f88 at C:\jdk7u2_64p\jdk7u17\hotspot\src\share\vm\prims\jvm.cpp:1166
Event: 7.529 Thread 0x0000000010788000 Threw 0x00000000f5dd1e60 at C:\jdk7u2_64p\jdk7u17\hotspot\src\share\vm\prims\jvm.cpp:1166
Event: 7.560 Thread 0x0000000010788000 Threw 0x00000000f5e790b0 at C:\jdk7u2_64p\jdk7u17\hotspot\src\share\vm\prims\jvm.cpp:1166
Event: 7.560 Thread 0x0000000010788000 Threw 0x00000000f5e79d60 at C:\jdk7u2_64p\jdk7u17\hotspot\src\share\vm\prims\jvm.cpp:1166

Events (10 events):
Event: 7.557 loading class 0x0000000010388360
Event: 7.557 loading class 0x0000000010388360 done
Event: 7.557 loading class 0x00000000106fb390
Event: 7.558 loading class 0x00000000106fba50
Event: 7.558 loading class 0x00000000106fba50 done
Event: 7.558 loading class 0x00000000106fb390 done
Event: 7.558 loading class 0x00000000106fbad0
Event: 7.558 loading class 0x00000000106fbad0 done
Event: 7.558 loading class 0x00000000106fb3d0
Event: 7.558 loading class 0x00000000106fb3d0 done


Dynamic libraries:
0x000000013ff70000 - 0x000000013ffa3000 	C:\Program Files\Java\jdk1.7.0_17\bin\java.exe
0x0000000077aa0000 - 0x0000000077c49000 	C:\Windows\SYSTEM32\ntdll.dll
0x0000000077800000 - 0x000000007791f000 	C:\Windows\system32\kernel32.dll
0x000007fefda50000 - 0x000007fefdabb000 	C:\Windows\system32\KERNELBASE.dll
0x000007feff690000 - 0x000007feff76b000 	C:\Windows\system32\ADVAPI32.dll
0x000007feff390000 - 0x000007feff42f000 	C:\Windows\system32\msvcrt.dll
0x000007feff810000 - 0x000007feff82f000 	C:\Windows\SYSTEM32\sechost.dll
0x000007feffb60000 - 0x000007feffc8d000 	C:\Windows\system32\RPCRT4.dll
0x00000000779a0000 - 0x0000000077a9a000 	C:\Windows\system32\USER32.dll
0x000007feff860000 - 0x000007feff8c7000 	C:\Windows\system32\GDI32.dll
0x000007feffda0000 - 0x000007feffdae000 	C:\Windows\system32\LPK.dll
0x000007feff160000 - 0x000007feff229000 	C:\Windows\system32\USP10.dll
0x000007fefc400000 - 0x000007fefc5f4000 	C:\Windows\WinSxS\amd64_microsoft.windows.common-controls_6595b64144ccf1df_6.0.7601.17514_none_fa396087175ac9ac\COMCTL32.dll
0x000007feff0e0000 - 0x000007feff151000 	C:\Windows\system32\SHLWAPI.dll
0x000007fefdd30000 - 0x000007fefdd5e000 	C:\Windows\system32\IMM32.DLL
0x000007feffc90000 - 0x000007feffd99000 	C:\Windows\system32\MSCTF.dll
0x00000000747b0000 - 0x00000000747e8000 	C:\PROGRA~2\Sophos\SOPHOS~1\SOPHOS~2.DLL
0x0000000077c60000 - 0x0000000077c67000 	C:\Windows\system32\PSAPI.DLL
0x0000000072710000 - 0x00000000727e1000 	C:\Program Files\Java\jdk1.7.0_17\jre\bin\msvcr100.dll
0x0000000071ff0000 - 0x000000007270f000 	C:\Program Files\Java\jdk1.7.0_17\jre\bin\server\jvm.dll
0x000007fef8ec0000 - 0x000007fef8ec9000 	C:\Windows\system32\WSOCK32.dll
0x000007feff430000 - 0x000007feff47d000 	C:\Windows\system32\WS2_32.dll
0x000007feff830000 - 0x000007feff838000 	C:\Windows\system32\NSI.dll
0x000007fefb5b0000 - 0x000007fefb5eb000 	C:\Windows\system32\WINMM.dll
0x0000000071fe0000 - 0x0000000071fef000 	C:\Program Files\Java\jdk1.7.0_17\jre\bin\verify.dll
0x0000000071fb0000 - 0x0000000071fd8000 	C:\Program Files\Java\jdk1.7.0_17\jre\bin\java.dll
0x0000000071e90000 - 0x0000000071ea5000 	C:\Program Files\Java\jdk1.7.0_17\jre\bin\zip.dll
0x0000000071f90000 - 0x0000000071fa9000 	C:\Program Files\Java\jdk1.7.0_17\jre\bin\net.dll
0x00000000755c0000 - 0x00000000755e3000 	C:\ProgramData\Sophos\Web Intelligence\swi_ifslsp_64.dll
0x000007fefca60000 - 0x000007fefca6c000 	C:\Windows\system32\VERSION.dll
0x000007fefd070000 - 0x000007fefd0c5000 	C:\Windows\system32\mswsock.dll
0x000007fefd060000 - 0x000007fefd067000 	C:\Windows\System32\wship6.dll
0x0000000071e70000 - 0x0000000071e81000 	C:\Program Files\Java\jdk1.7.0_17\jre\bin\nio.dll
0x000007fefd0d0000 - 0x000007fefd0e7000 	C:\Windows\system32\CRYPTSP.dll
0x000007fefcdd0000 - 0x000007fefce17000 	C:\Windows\system32\rsaenh.dll
0x000007fefcb70000 - 0x000007fefcb8e000 	C:\Windows\system32\USERENV.dll
0x000007fefd900000 - 0x000007fefd90f000 	C:\Windows\system32\profapi.dll
0x000007fefd840000 - 0x000007fefd84f000 	C:\Windows\system32\CRYPTBASE.dll
0x000007fefb390000 - 0x000007fefb3a5000 	C:\Windows\system32\NLAapi.dll
0x000007fef9d70000 - 0x000007fef9d85000 	C:\Windows\system32\napinsp.dll
0x000007fef9d90000 - 0x000007fef9da9000 	C:\Windows\system32\pnrpnsp.dll
0x000007fefcef0000 - 0x000007fefcf4b000 	C:\Windows\system32\DNSAPI.dll
0x000007fef9d50000 - 0x000007fef9d5b000 	C:\Windows\System32\winrnr.dll
0x00000000733a0000 - 0x00000000733c6000 	C:\Program Files\Bonjour\mdnsNSP.dll
0x000007fefbad0000 - 0x000007fefbaf7000 	C:\Windows\system32\Iphlpapi.DLL
0x000007fefc920000 - 0x000007fefc92b000 	C:\Windows\system32\WINNSI.DLL
0x000007fefca40000 - 0x000007fefca47000 	C:\Windows\System32\wshtcpip.dll
0x000007fef9d60000 - 0x000007fef9d68000 	C:\Windows\system32\rasadhlp.dll
0x000007fefa1f0000 - 0x000007fefa243000 	C:\Windows\System32\fwpuclnt.dll
0x000007fefc910000 - 0x000007fefc91a000 	C:\Users\milori\AppData\Local\Temp\jansi-64-1-6488770816587707846.11

VM Arguments:
jvm_args: -Xmx512M -XX:MaxPermSize=256m -XX:ReservedCodeCacheSize=128m -Dsbt.log.format=true -Dsbt.global.base=C:\sbt-new\sbt -Dsbt.ivy.home=C:\.ivy2 
java_command: xsbt.boot.Boot
Launcher Type: SUN_STANDARD

Environment Variables:
JAVA_HOME=C:\Program Files\Java\jdk1.7.0_17
CLASSPATH=.;C:\Program Files (x86)\Java\jre6\lib\ext\QTJava.zip
PATH=C:\Program Files\Java\jdk1.7.0_17\bin;C:\Program Files\xDB\bin;C:\oracle\product\10.2.0\db_1\bin;c:\Program Files (x86)\AMD APP\bin\x86_64;c:\Program Files (x86)\AMD APP\bin\x86;C:\Program Files (x86)\Avaya Modular Messaging\Common;C:\Program Files (x86)\Common Files\Avaya Modular Messaging;c:\Program Files (x86)\Intel\iCLS Client\;c:\Program Files\Intel\iCLS Client\;C:\Windows\system32;C:\Windows;C:\Windows\System32\Wbem;C:\Windows\System32\WindowsPowerShell\v1.0\;C:\Program Files\Intel\Intel(R) Management Engine Components\DAL;C:\Program Files\Intel\Intel(R) Management Engine Components\IPT;C:\Program Files (x86)\Intel\Intel(R) Management Engine Components\DAL;C:\Program Files (x86)\Intel\Intel(R) Management Engine Components\IPT;C:\Program Files (x86)\Common Files\Roxio Shared\DLLShared\;C:\Program Files (x86)\Common Files\Roxio Shared\10.0\DLLShared\;C:\Program Files (x86)\QuickTime\QTSystem\;C:\Program Files (x86)\ATI Technologies\ATI.ACE\Core-Static;C:\Program Files (x86)\Seapine\Surround SCM;C:\Program Files (x86)\scala\\bin;C:\apache-ant-1.8.4-bin\apache-ant-1.8.4\bin;C:\apache-maven-3.1.1\bin;C:\play-2.2.2;C:\Program Files (x86)\Git\bin;C:\sbt-new\sbt\bin;
USERNAME=milori
OS=Windows_NT
PROCESSOR_IDENTIFIER=Intel64 Family 6 Model 58 Stepping 9, GenuineIntel



---------------  S Y S T E M  ---------------

OS: Windows 7 , 64 bit Build 7601 Service Pack 1

CPU:total 4 (4 cores per cpu, 1 threads per core) family 6 model 58 stepping 9, cmov, cx8, fxsr, mmx, sse, sse2, sse3, ssse3, sse4.1, sse4.2, popcnt, avx, tsc, tscinvbit, tscinv

Memory: 4k page, physical 8331796k(818604k free), swap 14427852k(4724k free)

vm_info: Java HotSpot(TM) 64-Bit Server VM (23.7-b01) for windows-amd64 JRE (1.7.0_17-b02), built on Mar  1 2013 03:38:30 by "java_re" with unknown MS VC++:1600

time: Thu Jun 26 12:29:28 2014
elapsed time: 10 seconds

